<?xml version="1.0" encoding="UTF-8"?>
<testsuite xmlns:xsi="http://www.w3.org/2001/XMLSchema-instance" xsi:noNamespaceSchemaLocation="https://maven.apache.org/surefire/maven-surefire-plugin/xsd/surefire-test-report-3.0.xsd" version="3.0" name="marcoluglio.AppTest" time="0.035" tests="1" errors="0" skipped="0" failures="0">
  <properties>
    <property name="java.specification.version" value="17"/>
    <property name="sun.jnu.encoding" value="UTF-8"/>
    <property name="java.class.path" value="/Users/marco/GitOnly/salesforce/openshift/java/sfconsumer/target/test-classes:/Users/marco/GitOnly/salesforce/openshift/java/sfconsumer/target/classes:/Users/marco/.m2/repository/org/junit/jupiter/junit-jupiter-api/5.6.0/junit-jupiter-api-5.6.0.jar:/Users/marco/.m2/repository/org/apiguardian/apiguardian-api/1.1.0/apiguardian-api-1.1.0.jar:/Users/marco/.m2/repository/org/opentest4j/opentest4j/1.2.0/opentest4j-1.2.0.jar:/Users/marco/.m2/repository/org/junit/platform/junit-platform-commons/1.6.0/junit-platform-commons-1.6.0.jar:/Users/marco/.m2/repository/org/junit/jupiter/junit-jupiter-engine/5.6.0/junit-jupiter-engine-5.6.0.jar:/Users/marco/.m2/repository/org/junit/platform/junit-platform-engine/1.6.0/junit-platform-engine-1.6.0.jar:/Users/marco/.m2/repository/org/cometd/java/cometd-java-client/4.0.3/cometd-java-client-4.0.3.jar:/Users/marco/.m2/repository/org/cometd/java/bayeux-api/4.0.3/bayeux-api-4.0.3.jar:/Users/marco/.m2/repository/org/cometd/java/cometd-java-common/4.0.3/cometd-java-common-4.0.3.jar:/Users/marco/.m2/repository/org/eclipse/jetty/jetty-util-ajax/9.4.15.v20190215/jetty-util-ajax-9.4.15.v20190215.jar:/Users/marco/.m2/repository/org/eclipse/jetty/jetty-util/9.4.15.v20190215/jetty-util-9.4.15.v20190215.jar:/Users/marco/.m2/repository/org/eclipse/jetty/jetty-io/9.4.15.v20190215/jetty-io-9.4.15.v20190215.jar:/Users/marco/.m2/repository/org/eclipse/jetty/jetty-http/9.4.15.v20190215/jetty-http-9.4.15.v20190215.jar:/Users/marco/.m2/repository/org/eclipse/jetty/jetty-client/9.4.15.v20190215/jetty-client-9.4.15.v20190215.jar:/Users/marco/.m2/repository/org/slf4j/slf4j-api/1.7.26/slf4j-api-1.7.26.jar:/Users/marco/.m2/repository/net/logstash/logback/logstash-logback-encoder/6.3/logstash-logback-encoder-6.3.jar:/Users/marco/.m2/repository/com/fasterxml/jackson/core/jackson-databind/2.12.0/jackson-databind-2.12.0.jar:/Users/marco/.m2/repository/com/fasterxml/jackson/core/jackson-annotations/2.12.0/jackson-annotations-2.12.0.jar:/Users/marco/.m2/repository/com/fasterxml/jackson/core/jackson-core/2.12.0/jackson-core-2.12.0.jar:/Users/marco/.m2/repository/ch/qos/logback/logback-core/1.2.0/logback-core-1.2.0.jar:/Users/marco/.m2/repository/ch/qos/logback/logback-classic/1.2.0/logback-classic-1.2.0.jar:/Users/marco/.m2/repository/com/sap/cloud/db/jdbc/ngdbc/2.3.53/ngdbc-2.3.53.jar:/Users/marco/.m2/repository/com/google/code/gson/gson/2.8.5/gson-2.8.5.jar:/Users/marco/.m2/repository/org/apache/httpcomponents/httpclient/4.5.8/httpclient-4.5.8.jar:/Users/marco/.m2/repository/org/apache/httpcomponents/httpcore/4.4.11/httpcore-4.4.11.jar:/Users/marco/.m2/repository/commons-logging/commons-logging/1.2/commons-logging-1.2.jar:/Users/marco/.m2/repository/commons-codec/commons-codec/1.11/commons-codec-1.11.jar:/Users/marco/.m2/repository/org/mongodb/bson/3.10.1/bson-3.10.1.jar:/Users/marco/.m2/repository/org/mongodb/mongodb-driver/3.10.2/mongodb-driver-3.10.2.jar:/Users/marco/.m2/repository/org/mongodb/mongodb-driver-core/3.10.2/mongodb-driver-core-3.10.2.jar:/Users/marco/.m2/repository/org/mongodb/mongodb-driver-async/3.10.2/mongodb-driver-async-3.10.2.jar:/Users/marco/.m2/repository/com/azure/azure-core/1.15.0/azure-core-1.15.0.jar:/Users/marco/.m2/repository/com/fasterxml/jackson/datatype/jackson-datatype-jsr310/2.12.2/jackson-datatype-jsr310-2.12.2.jar:/Users/marco/.m2/repository/com/fasterxml/jackson/dataformat/jackson-dataformat-xml/2.12.2/jackson-dataformat-xml-2.12.2.jar:/Users/marco/.m2/repository/com/fasterxml/jackson/module/jackson-module-jaxb-annotations/2.12.2/jackson-module-jaxb-annotations-2.12.2.jar:/Users/marco/.m2/repository/jakarta/xml/bind/jakarta.xml.bind-api/2.3.2/jakarta.xml.bind-api-2.3.2.jar:/Users/marco/.m2/repository/jakarta/activation/jakarta.activation-api/1.2.1/jakarta.activation-api-1.2.1.jar:/Users/marco/.m2/repository/org/codehaus/woodstox/stax2-api/4.2.1/stax2-api-4.2.1.jar:/Users/marco/.m2/repository/com/fasterxml/woodstox/woodstox-core/6.2.4/woodstox-core-6.2.4.jar:/Users/marco/.m2/repository/io/projectreactor/reactor-core/3.4.3/reactor-core-3.4.3.jar:/Users/marco/.m2/repository/org/reactivestreams/reactive-streams/1.0.3/reactive-streams-1.0.3.jar:/Users/marco/.m2/repository/io/netty/netty-tcnative-boringssl-static/2.0.36.Final/netty-tcnative-boringssl-static-2.0.36.Final.jar:/Users/marco/.m2/repository/com/azure/azure-messaging-servicebus/7.3.0-beta.2/azure-messaging-servicebus-7.3.0-beta.2.jar:/Users/marco/.m2/repository/com/azure/azure-core-amqp/2.2.0-beta.2/azure-core-amqp-2.2.0-beta.2.jar:/Users/marco/.m2/repository/com/microsoft/azure/qpid-proton-j-extensions/1.2.3/qpid-proton-j-extensions-1.2.3.jar:/Users/marco/.m2/repository/org/apache/qpid/proton-j/0.33.4/proton-j-0.33.4.jar:/Users/marco/.m2/repository/com/azure/azure-core-http-netty/1.9.2/azure-core-http-netty-1.9.2.jar:/Users/marco/.m2/repository/io/netty/netty-handler/4.1.63.Final/netty-handler-4.1.63.Final.jar:/Users/marco/.m2/repository/io/netty/netty-common/4.1.63.Final/netty-common-4.1.63.Final.jar:/Users/marco/.m2/repository/io/netty/netty-resolver/4.1.63.Final/netty-resolver-4.1.63.Final.jar:/Users/marco/.m2/repository/io/netty/netty-transport/4.1.63.Final/netty-transport-4.1.63.Final.jar:/Users/marco/.m2/repository/io/netty/netty-codec/4.1.63.Final/netty-codec-4.1.63.Final.jar:/Users/marco/.m2/repository/io/netty/netty-handler-proxy/4.1.63.Final/netty-handler-proxy-4.1.63.Final.jar:/Users/marco/.m2/repository/io/netty/netty-codec-socks/4.1.63.Final/netty-codec-socks-4.1.63.Final.jar:/Users/marco/.m2/repository/io/netty/netty-buffer/4.1.63.Final/netty-buffer-4.1.63.Final.jar:/Users/marco/.m2/repository/io/netty/netty-codec-http/4.1.63.Final/netty-codec-http-4.1.63.Final.jar:/Users/marco/.m2/repository/io/netty/netty-codec-http2/4.1.63.Final/netty-codec-http2-4.1.63.Final.jar:/Users/marco/.m2/repository/io/netty/netty-transport-native-unix-common/4.1.63.Final/netty-transport-native-unix-common-4.1.63.Final.jar:/Users/marco/.m2/repository/io/netty/netty-transport-native-epoll/4.1.63.Final/netty-transport-native-epoll-4.1.63.Final-linux-x86_64.jar:/Users/marco/.m2/repository/io/netty/netty-transport-native-kqueue/4.1.63.Final/netty-transport-native-kqueue-4.1.63.Final-osx-x86_64.jar:/Users/marco/.m2/repository/io/projectreactor/netty/reactor-netty/1.0.6/reactor-netty-1.0.6.jar:/Users/marco/.m2/repository/io/projectreactor/netty/reactor-netty-core/1.0.6/reactor-netty-core-1.0.6.jar:/Users/marco/.m2/repository/io/netty/netty-resolver-dns/4.1.63.Final/netty-resolver-dns-4.1.63.Final.jar:/Users/marco/.m2/repository/io/netty/netty-codec-dns/4.1.63.Final/netty-codec-dns-4.1.63.Final.jar:/Users/marco/.m2/repository/io/netty/netty-resolver-dns-native-macos/4.1.63.Final/netty-resolver-dns-native-macos-4.1.63.Final-osx-x86_64.jar:/Users/marco/.m2/repository/io/projectreactor/netty/reactor-netty-http/1.0.6/reactor-netty-http-1.0.6.jar:/Users/marco/.m2/repository/io/projectreactor/netty/reactor-netty-http-brave/1.0.6/reactor-netty-http-brave-1.0.6.jar:/Users/marco/.m2/repository/io/zipkin/brave/brave-instrumentation-http/5.13.3/brave-instrumentation-http-5.13.3.jar:/Users/marco/.m2/repository/io/zipkin/brave/brave/5.13.3/brave-5.13.3.jar:/Users/marco/.m2/repository/io/zipkin/reporter2/zipkin-reporter-brave/2.16.3/zipkin-reporter-brave-2.16.3.jar:/Users/marco/.m2/repository/io/zipkin/reporter2/zipkin-reporter/2.16.3/zipkin-reporter-2.16.3.jar:/Users/marco/.m2/repository/io/zipkin/zipkin2/zipkin/2.23.2/zipkin-2.23.2.jar:/Users/marco/.m2/repository/com/azure/azure-identity/1.0.9/azure-identity-1.0.9.jar:/Users/marco/.m2/repository/com/microsoft/azure/msal4j/1.6.1/msal4j-1.6.1.jar:/Users/marco/.m2/repository/com/nimbusds/oauth2-oidc-sdk/6.14/oauth2-oidc-sdk-6.14.jar:/Users/marco/.m2/repository/com/sun/mail/javax.mail/1.6.1/javax.mail-1.6.1.jar:/Users/marco/.m2/repository/javax/activation/activation/1.1/activation-1.1.jar:/Users/marco/.m2/repository/com/github/stephenc/jcip/jcip-annotations/1.0-1/jcip-annotations-1.0-1.jar:/Users/marco/.m2/repository/net/minidev/json-smart/2.3/json-smart-2.3.jar:/Users/marco/.m2/repository/net/minidev/accessors-smart/1.2/accessors-smart-1.2.jar:/Users/marco/.m2/repository/org/ow2/asm/asm/5.0.4/asm-5.0.4.jar:/Users/marco/.m2/repository/com/nimbusds/lang-tag/1.5/lang-tag-1.5.jar:/Users/marco/.m2/repository/com/nimbusds/nimbus-jose-jwt/9.16-preview.1/nimbus-jose-jwt-9.16-preview.1.jar:/Users/marco/.m2/repository/org/nanohttpd/nanohttpd/2.3.1/nanohttpd-2.3.1.jar:/Users/marco/.m2/repository/net/java/dev/jna/jna-platform/5.4.0/jna-platform-5.4.0.jar:/Users/marco/.m2/repository/net/java/dev/jna/jna/5.4.0/jna-5.4.0.jar:/Users/marco/.m2/repository/com/azure/azure-security-keyvault-secrets/4.3.0-beta.6/azure-security-keyvault-secrets-4.3.0-beta.6.jar:/Users/marco/.m2/repository/com/azure/resourcemanager/azure-resourcemanager/2.5.0/azure-resourcemanager-2.5.0.jar:/Users/marco/.m2/repository/com/azure/resourcemanager/azure-resourcemanager-resources/2.5.0/azure-resourcemanager-resources-2.5.0.jar:/Users/marco/.m2/repository/com/azure/azure-core-management/1.2.2/azure-core-management-1.2.2.jar:/Users/marco/.m2/repository/com/azure/resourcemanager/azure-resourcemanager-storage/2.5.0/azure-resourcemanager-storage-2.5.0.jar:/Users/marco/.m2/repository/com/azure/resourcemanager/azure-resourcemanager-compute/2.5.0/azure-resourcemanager-compute-2.5.0.jar:/Users/marco/.m2/repository/com/azure/resourcemanager/azure-resourcemanager-network/2.5.0/azure-resourcemanager-network-2.5.0.jar:/Users/marco/.m2/repository/com/azure/resourcemanager/azure-resourcemanager-keyvault/2.5.0/azure-resourcemanager-keyvault-2.5.0.jar:/Users/marco/.m2/repository/com/azure/azure-security-keyvault-keys/4.2.8/azure-security-keyvault-keys-4.2.8.jar:/Users/marco/.m2/repository/com/azure/resourcemanager/azure-resourcemanager-msi/2.5.0/azure-resourcemanager-msi-2.5.0.jar:/Users/marco/.m2/repository/com/azure/resourcemanager/azure-resourcemanager-sql/2.5.0/azure-resourcemanager-sql-2.5.0.jar:/Users/marco/.m2/repository/com/azure/resourcemanager/azure-resourcemanager-authorization/2.5.0/azure-resourcemanager-authorization-2.5.0.jar:/Users/marco/.m2/repository/com/azure/resourcemanager/azure-resourcemanager-appservice/2.5.0/azure-resourcemanager-appservice-2.5.0.jar:/Users/marco/.m2/repository/com/azure/resourcemanager/azure-resourcemanager-cosmos/2.5.0/azure-resourcemanager-cosmos-2.5.0.jar:/Users/marco/.m2/repository/com/azure/resourcemanager/azure-resourcemanager-containerservice/2.5.0/azure-resourcemanager-containerservice-2.5.0.jar:/Users/marco/.m2/repository/com/azure/resourcemanager/azure-resourcemanager-monitor/2.5.0/azure-resourcemanager-monitor-2.5.0.jar:/Users/marco/.m2/repository/com/azure/resourcemanager/azure-resourcemanager-containerregistry/2.5.0/azure-resourcemanager-containerregistry-2.5.0.jar:/Users/marco/.m2/repository/com/azure/resourcemanager/azure-resourcemanager-dns/2.5.0/azure-resourcemanager-dns-2.5.0.jar:/Users/marco/.m2/repository/com/azure/resourcemanager/azure-resourcemanager-appplatform/2.5.0/azure-resourcemanager-appplatform-2.5.0.jar:/Users/marco/.m2/repository/com/azure/azure-storage-file-share/12.9.1/azure-storage-file-share-12.9.1.jar:/Users/marco/.m2/repository/com/azure/azure-storage-common/12.11.1/azure-storage-common-12.11.1.jar:/Users/marco/.m2/repository/com/azure/resourcemanager/azure-resourcemanager-containerinstance/2.5.0/azure-resourcemanager-containerinstance-2.5.0.jar:/Users/marco/.m2/repository/com/azure/resourcemanager/azure-resourcemanager-privatedns/2.5.0/azure-resourcemanager-privatedns-2.5.0.jar:/Users/marco/.m2/repository/com/azure/resourcemanager/azure-resourcemanager-redis/2.5.0/azure-resourcemanager-redis-2.5.0.jar:/Users/marco/.m2/repository/com/azure/resourcemanager/azure-resourcemanager-eventhubs/2.5.0/azure-resourcemanager-eventhubs-2.5.0.jar:/Users/marco/.m2/repository/com/azure/resourcemanager/azure-resourcemanager-trafficmanager/2.5.0/azure-resourcemanager-trafficmanager-2.5.0.jar:/Users/marco/.m2/repository/com/azure/resourcemanager/azure-resourcemanager-servicebus/2.5.0/azure-resourcemanager-servicebus-2.5.0.jar:/Users/marco/.m2/repository/com/azure/resourcemanager/azure-resourcemanager-cdn/2.5.0/azure-resourcemanager-cdn-2.5.0.jar:/Users/marco/.m2/repository/com/azure/resourcemanager/azure-resourcemanager-search/2.5.0/azure-resourcemanager-search-2.5.0.jar:/Users/marco/.m2/repository/com/salesforce/conduit/emp-connector/0.0.1-SNAPSHOT/emp-connector-0.0.1-SNAPSHOT.jar:"/>
    <property name="java.vm.vendor" value="Azul Systems, Inc."/>
    <property name="sun.arch.data.model" value="64"/>
    <property name="java.vendor.url" value="http://www.azul.com/"/>
    <property name="os.name" value="Mac OS X"/>
    <property name="java.vm.specification.version" value="17"/>
    <property name="sun.java.launcher" value="SUN_STANDARD"/>
    <property name="user.country" value="BR"/>
    <property name="sun.boot.library.path" value="/Library/Java/JavaVirtualMachines/zulu-17.jdk/Contents/Home/lib"/>
    <property name="sun.java.command" value="/Users/marco/GitOnly/salesforce/openshift/java/sfconsumer/target/surefire/surefirebooter17105172583289818974.jar /Users/marco/GitOnly/salesforce/openshift/java/sfconsumer/target/surefire 2021-10-11T17-07-19_005-jvmRun1 surefire8762864586132717773tmp surefire_07627384599039120329tmp"/>
    <property name="http.nonProxyHosts" value="local|*.local|169.254/16|*.169.254/16"/>
    <property name="jdk.debug" value="release"/>
    <property name="surefire.test.class.path" value="/Users/marco/GitOnly/salesforce/openshift/java/sfconsumer/target/test-classes:/Users/marco/GitOnly/salesforce/openshift/java/sfconsumer/target/classes:/Users/marco/.m2/repository/org/junit/jupiter/junit-jupiter-api/5.6.0/junit-jupiter-api-5.6.0.jar:/Users/marco/.m2/repository/org/apiguardian/apiguardian-api/1.1.0/apiguardian-api-1.1.0.jar:/Users/marco/.m2/repository/org/opentest4j/opentest4j/1.2.0/opentest4j-1.2.0.jar:/Users/marco/.m2/repository/org/junit/platform/junit-platform-commons/1.6.0/junit-platform-commons-1.6.0.jar:/Users/marco/.m2/repository/org/junit/jupiter/junit-jupiter-engine/5.6.0/junit-jupiter-engine-5.6.0.jar:/Users/marco/.m2/repository/org/junit/platform/junit-platform-engine/1.6.0/junit-platform-engine-1.6.0.jar:/Users/marco/.m2/repository/org/cometd/java/cometd-java-client/4.0.3/cometd-java-client-4.0.3.jar:/Users/marco/.m2/repository/org/cometd/java/bayeux-api/4.0.3/bayeux-api-4.0.3.jar:/Users/marco/.m2/repository/org/cometd/java/cometd-java-common/4.0.3/cometd-java-common-4.0.3.jar:/Users/marco/.m2/repository/org/eclipse/jetty/jetty-util-ajax/9.4.15.v20190215/jetty-util-ajax-9.4.15.v20190215.jar:/Users/marco/.m2/repository/org/eclipse/jetty/jetty-util/9.4.15.v20190215/jetty-util-9.4.15.v20190215.jar:/Users/marco/.m2/repository/org/eclipse/jetty/jetty-io/9.4.15.v20190215/jetty-io-9.4.15.v20190215.jar:/Users/marco/.m2/repository/org/eclipse/jetty/jetty-http/9.4.15.v20190215/jetty-http-9.4.15.v20190215.jar:/Users/marco/.m2/repository/org/eclipse/jetty/jetty-client/9.4.15.v20190215/jetty-client-9.4.15.v20190215.jar:/Users/marco/.m2/repository/org/slf4j/slf4j-api/1.7.26/slf4j-api-1.7.26.jar:/Users/marco/.m2/repository/net/logstash/logback/logstash-logback-encoder/6.3/logstash-logback-encoder-6.3.jar:/Users/marco/.m2/repository/com/fasterxml/jackson/core/jackson-databind/2.12.0/jackson-databind-2.12.0.jar:/Users/marco/.m2/repository/com/fasterxml/jackson/core/jackson-annotations/2.12.0/jackson-annotations-2.12.0.jar:/Users/marco/.m2/repository/com/fasterxml/jackson/core/jackson-core/2.12.0/jackson-core-2.12.0.jar:/Users/marco/.m2/repository/ch/qos/logback/logback-core/1.2.0/logback-core-1.2.0.jar:/Users/marco/.m2/repository/ch/qos/logback/logback-classic/1.2.0/logback-classic-1.2.0.jar:/Users/marco/.m2/repository/com/sap/cloud/db/jdbc/ngdbc/2.3.53/ngdbc-2.3.53.jar:/Users/marco/.m2/repository/com/google/code/gson/gson/2.8.5/gson-2.8.5.jar:/Users/marco/.m2/repository/org/apache/httpcomponents/httpclient/4.5.8/httpclient-4.5.8.jar:/Users/marco/.m2/repository/org/apache/httpcomponents/httpcore/4.4.11/httpcore-4.4.11.jar:/Users/marco/.m2/repository/commons-logging/commons-logging/1.2/commons-logging-1.2.jar:/Users/marco/.m2/repository/commons-codec/commons-codec/1.11/commons-codec-1.11.jar:/Users/marco/.m2/repository/org/mongodb/bson/3.10.1/bson-3.10.1.jar:/Users/marco/.m2/repository/org/mongodb/mongodb-driver/3.10.2/mongodb-driver-3.10.2.jar:/Users/marco/.m2/repository/org/mongodb/mongodb-driver-core/3.10.2/mongodb-driver-core-3.10.2.jar:/Users/marco/.m2/repository/org/mongodb/mongodb-driver-async/3.10.2/mongodb-driver-async-3.10.2.jar:/Users/marco/.m2/repository/com/azure/azure-core/1.15.0/azure-core-1.15.0.jar:/Users/marco/.m2/repository/com/fasterxml/jackson/datatype/jackson-datatype-jsr310/2.12.2/jackson-datatype-jsr310-2.12.2.jar:/Users/marco/.m2/repository/com/fasterxml/jackson/dataformat/jackson-dataformat-xml/2.12.2/jackson-dataformat-xml-2.12.2.jar:/Users/marco/.m2/repository/com/fasterxml/jackson/module/jackson-module-jaxb-annotations/2.12.2/jackson-module-jaxb-annotations-2.12.2.jar:/Users/marco/.m2/repository/jakarta/xml/bind/jakarta.xml.bind-api/2.3.2/jakarta.xml.bind-api-2.3.2.jar:/Users/marco/.m2/repository/jakarta/activation/jakarta.activation-api/1.2.1/jakarta.activation-api-1.2.1.jar:/Users/marco/.m2/repository/org/codehaus/woodstox/stax2-api/4.2.1/stax2-api-4.2.1.jar:/Users/marco/.m2/repository/com/fasterxml/woodstox/woodstox-core/6.2.4/woodstox-core-6.2.4.jar:/Users/marco/.m2/repository/io/projectreactor/reactor-core/3.4.3/reactor-core-3.4.3.jar:/Users/marco/.m2/repository/org/reactivestreams/reactive-streams/1.0.3/reactive-streams-1.0.3.jar:/Users/marco/.m2/repository/io/netty/netty-tcnative-boringssl-static/2.0.36.Final/netty-tcnative-boringssl-static-2.0.36.Final.jar:/Users/marco/.m2/repository/com/azure/azure-messaging-servicebus/7.3.0-beta.2/azure-messaging-servicebus-7.3.0-beta.2.jar:/Users/marco/.m2/repository/com/azure/azure-core-amqp/2.2.0-beta.2/azure-core-amqp-2.2.0-beta.2.jar:/Users/marco/.m2/repository/com/microsoft/azure/qpid-proton-j-extensions/1.2.3/qpid-proton-j-extensions-1.2.3.jar:/Users/marco/.m2/repository/org/apache/qpid/proton-j/0.33.4/proton-j-0.33.4.jar:/Users/marco/.m2/repository/com/azure/azure-core-http-netty/1.9.2/azure-core-http-netty-1.9.2.jar:/Users/marco/.m2/repository/io/netty/netty-handler/4.1.63.Final/netty-handler-4.1.63.Final.jar:/Users/marco/.m2/repository/io/netty/netty-common/4.1.63.Final/netty-common-4.1.63.Final.jar:/Users/marco/.m2/repository/io/netty/netty-resolver/4.1.63.Final/netty-resolver-4.1.63.Final.jar:/Users/marco/.m2/repository/io/netty/netty-transport/4.1.63.Final/netty-transport-4.1.63.Final.jar:/Users/marco/.m2/repository/io/netty/netty-codec/4.1.63.Final/netty-codec-4.1.63.Final.jar:/Users/marco/.m2/repository/io/netty/netty-handler-proxy/4.1.63.Final/netty-handler-proxy-4.1.63.Final.jar:/Users/marco/.m2/repository/io/netty/netty-codec-socks/4.1.63.Final/netty-codec-socks-4.1.63.Final.jar:/Users/marco/.m2/repository/io/netty/netty-buffer/4.1.63.Final/netty-buffer-4.1.63.Final.jar:/Users/marco/.m2/repository/io/netty/netty-codec-http/4.1.63.Final/netty-codec-http-4.1.63.Final.jar:/Users/marco/.m2/repository/io/netty/netty-codec-http2/4.1.63.Final/netty-codec-http2-4.1.63.Final.jar:/Users/marco/.m2/repository/io/netty/netty-transport-native-unix-common/4.1.63.Final/netty-transport-native-unix-common-4.1.63.Final.jar:/Users/marco/.m2/repository/io/netty/netty-transport-native-epoll/4.1.63.Final/netty-transport-native-epoll-4.1.63.Final-linux-x86_64.jar:/Users/marco/.m2/repository/io/netty/netty-transport-native-kqueue/4.1.63.Final/netty-transport-native-kqueue-4.1.63.Final-osx-x86_64.jar:/Users/marco/.m2/repository/io/projectreactor/netty/reactor-netty/1.0.6/reactor-netty-1.0.6.jar:/Users/marco/.m2/repository/io/projectreactor/netty/reactor-netty-core/1.0.6/reactor-netty-core-1.0.6.jar:/Users/marco/.m2/repository/io/netty/netty-resolver-dns/4.1.63.Final/netty-resolver-dns-4.1.63.Final.jar:/Users/marco/.m2/repository/io/netty/netty-codec-dns/4.1.63.Final/netty-codec-dns-4.1.63.Final.jar:/Users/marco/.m2/repository/io/netty/netty-resolver-dns-native-macos/4.1.63.Final/netty-resolver-dns-native-macos-4.1.63.Final-osx-x86_64.jar:/Users/marco/.m2/repository/io/projectreactor/netty/reactor-netty-http/1.0.6/reactor-netty-http-1.0.6.jar:/Users/marco/.m2/repository/io/projectreactor/netty/reactor-netty-http-brave/1.0.6/reactor-netty-http-brave-1.0.6.jar:/Users/marco/.m2/repository/io/zipkin/brave/brave-instrumentation-http/5.13.3/brave-instrumentation-http-5.13.3.jar:/Users/marco/.m2/repository/io/zipkin/brave/brave/5.13.3/brave-5.13.3.jar:/Users/marco/.m2/repository/io/zipkin/reporter2/zipkin-reporter-brave/2.16.3/zipkin-reporter-brave-2.16.3.jar:/Users/marco/.m2/repository/io/zipkin/reporter2/zipkin-reporter/2.16.3/zipkin-reporter-2.16.3.jar:/Users/marco/.m2/repository/io/zipkin/zipkin2/zipkin/2.23.2/zipkin-2.23.2.jar:/Users/marco/.m2/repository/com/azure/azure-identity/1.0.9/azure-identity-1.0.9.jar:/Users/marco/.m2/repository/com/microsoft/azure/msal4j/1.6.1/msal4j-1.6.1.jar:/Users/marco/.m2/repository/com/nimbusds/oauth2-oidc-sdk/6.14/oauth2-oidc-sdk-6.14.jar:/Users/marco/.m2/repository/com/sun/mail/javax.mail/1.6.1/javax.mail-1.6.1.jar:/Users/marco/.m2/repository/javax/activation/activation/1.1/activation-1.1.jar:/Users/marco/.m2/repository/com/github/stephenc/jcip/jcip-annotations/1.0-1/jcip-annotations-1.0-1.jar:/Users/marco/.m2/repository/net/minidev/json-smart/2.3/json-smart-2.3.jar:/Users/marco/.m2/repository/net/minidev/accessors-smart/1.2/accessors-smart-1.2.jar:/Users/marco/.m2/repository/org/ow2/asm/asm/5.0.4/asm-5.0.4.jar:/Users/marco/.m2/repository/com/nimbusds/lang-tag/1.5/lang-tag-1.5.jar:/Users/marco/.m2/repository/com/nimbusds/nimbus-jose-jwt/9.16-preview.1/nimbus-jose-jwt-9.16-preview.1.jar:/Users/marco/.m2/repository/org/nanohttpd/nanohttpd/2.3.1/nanohttpd-2.3.1.jar:/Users/marco/.m2/repository/net/java/dev/jna/jna-platform/5.4.0/jna-platform-5.4.0.jar:/Users/marco/.m2/repository/net/java/dev/jna/jna/5.4.0/jna-5.4.0.jar:/Users/marco/.m2/repository/com/azure/azure-security-keyvault-secrets/4.3.0-beta.6/azure-security-keyvault-secrets-4.3.0-beta.6.jar:/Users/marco/.m2/repository/com/azure/resourcemanager/azure-resourcemanager/2.5.0/azure-resourcemanager-2.5.0.jar:/Users/marco/.m2/repository/com/azure/resourcemanager/azure-resourcemanager-resources/2.5.0/azure-resourcemanager-resources-2.5.0.jar:/Users/marco/.m2/repository/com/azure/azure-core-management/1.2.2/azure-core-management-1.2.2.jar:/Users/marco/.m2/repository/com/azure/resourcemanager/azure-resourcemanager-storage/2.5.0/azure-resourcemanager-storage-2.5.0.jar:/Users/marco/.m2/repository/com/azure/resourcemanager/azure-resourcemanager-compute/2.5.0/azure-resourcemanager-compute-2.5.0.jar:/Users/marco/.m2/repository/com/azure/resourcemanager/azure-resourcemanager-network/2.5.0/azure-resourcemanager-network-2.5.0.jar:/Users/marco/.m2/repository/com/azure/resourcemanager/azure-resourcemanager-keyvault/2.5.0/azure-resourcemanager-keyvault-2.5.0.jar:/Users/marco/.m2/repository/com/azure/azure-security-keyvault-keys/4.2.8/azure-security-keyvault-keys-4.2.8.jar:/Users/marco/.m2/repository/com/azure/resourcemanager/azure-resourcemanager-msi/2.5.0/azure-resourcemanager-msi-2.5.0.jar:/Users/marco/.m2/repository/com/azure/resourcemanager/azure-resourcemanager-sql/2.5.0/azure-resourcemanager-sql-2.5.0.jar:/Users/marco/.m2/repository/com/azure/resourcemanager/azure-resourcemanager-authorization/2.5.0/azure-resourcemanager-authorization-2.5.0.jar:/Users/marco/.m2/repository/com/azure/resourcemanager/azure-resourcemanager-appservice/2.5.0/azure-resourcemanager-appservice-2.5.0.jar:/Users/marco/.m2/repository/com/azure/resourcemanager/azure-resourcemanager-cosmos/2.5.0/azure-resourcemanager-cosmos-2.5.0.jar:/Users/marco/.m2/repository/com/azure/resourcemanager/azure-resourcemanager-containerservice/2.5.0/azure-resourcemanager-containerservice-2.5.0.jar:/Users/marco/.m2/repository/com/azure/resourcemanager/azure-resourcemanager-monitor/2.5.0/azure-resourcemanager-monitor-2.5.0.jar:/Users/marco/.m2/repository/com/azure/resourcemanager/azure-resourcemanager-containerregistry/2.5.0/azure-resourcemanager-containerregistry-2.5.0.jar:/Users/marco/.m2/repository/com/azure/resourcemanager/azure-resourcemanager-dns/2.5.0/azure-resourcemanager-dns-2.5.0.jar:/Users/marco/.m2/repository/com/azure/resourcemanager/azure-resourcemanager-appplatform/2.5.0/azure-resourcemanager-appplatform-2.5.0.jar:/Users/marco/.m2/repository/com/azure/azure-storage-file-share/12.9.1/azure-storage-file-share-12.9.1.jar:/Users/marco/.m2/repository/com/azure/azure-storage-common/12.11.1/azure-storage-common-12.11.1.jar:/Users/marco/.m2/repository/com/azure/resourcemanager/azure-resourcemanager-containerinstance/2.5.0/azure-resourcemanager-containerinstance-2.5.0.jar:/Users/marco/.m2/repository/com/azure/resourcemanager/azure-resourcemanager-privatedns/2.5.0/azure-resourcemanager-privatedns-2.5.0.jar:/Users/marco/.m2/repository/com/azure/resourcemanager/azure-resourcemanager-redis/2.5.0/azure-resourcemanager-redis-2.5.0.jar:/Users/marco/.m2/repository/com/azure/resourcemanager/azure-resourcemanager-eventhubs/2.5.0/azure-resourcemanager-eventhubs-2.5.0.jar:/Users/marco/.m2/repository/com/azure/resourcemanager/azure-resourcemanager-trafficmanager/2.5.0/azure-resourcemanager-trafficmanager-2.5.0.jar:/Users/marco/.m2/repository/com/azure/resourcemanager/azure-resourcemanager-servicebus/2.5.0/azure-resourcemanager-servicebus-2.5.0.jar:/Users/marco/.m2/repository/com/azure/resourcemanager/azure-resourcemanager-cdn/2.5.0/azure-resourcemanager-cdn-2.5.0.jar:/Users/marco/.m2/repository/com/azure/resourcemanager/azure-resourcemanager-search/2.5.0/azure-resourcemanager-search-2.5.0.jar:/Users/marco/.m2/repository/com/salesforce/conduit/emp-connector/0.0.1-SNAPSHOT/emp-connector-0.0.1-SNAPSHOT.jar:"/>
    <property name="sun.cpu.endian" value="little"/>
    <property name="user.home" value="/Users/marco"/>
    <property name="user.language" value="pt"/>
    <property name="java.specification.vendor" value="Oracle Corporation"/>
    <property name="java.version.date" value="2021-09-14"/>
    <property name="java.home" value="/Library/Java/JavaVirtualMachines/zulu-17.jdk/Contents/Home"/>
    <property name="file.separator" value="/"/>
    <property name="basedir" value="/Users/marco/GitOnly/salesforce/openshift/java/sfconsumer"/>
    <property name="java.vm.compressedOopsMode" value="Zero based"/>
    <property name="line.separator" value="&#10;"/>
    <property name="java.specification.name" value="Java Platform API Specification"/>
    <property name="java.vm.specification.vendor" value="Oracle Corporation"/>
    <property name="surefire.real.class.path" value="/Users/marco/GitOnly/salesforce/openshift/java/sfconsumer/target/surefire/surefirebooter17105172583289818974.jar"/>
    <property name="sun.management.compiler" value="HotSpot 64-Bit Tiered Compilers"/>
    <property name="ftp.nonProxyHosts" value="local|*.local|169.254/16|*.169.254/16"/>
    <property name="java.runtime.version" value="17+35-LTS"/>
    <property name="user.name" value="marco"/>
    <property name="path.separator" value=":"/>
    <property name="os.version" value="11.5"/>
    <property name="java.runtime.name" value="OpenJDK Runtime Environment"/>
    <property name="file.encoding" value="UTF-8"/>
    <property name="java.vm.name" value="OpenJDK 64-Bit Server VM"/>
    <property name="java.vendor.version" value="Zulu17.28+13-CA"/>
    <property name="localRepository" value="/Users/marco/.m2/repository"/>
    <property name="java.vendor.url.bug" value="http://www.azul.com/support/"/>
    <property name="java.io.tmpdir" value="/var/folders/sg/qxm2l4914msgcjwgwz7m4hqc0000gn/T/"/>
    <property name="java.version" value="17"/>
    <property name="user.dir" value="/Users/marco/GitOnly/salesforce/openshift/java/sfconsumer"/>
    <property name="os.arch" value="x86_64"/>
    <property name="java.vm.specification.name" value="Java Virtual Machine Specification"/>
    <property name="native.encoding" value="UTF-8"/>
    <property name="java.library.path" value="/Users/marco/Library/Java/Extensions:/Library/Java/Extensions:/Network/Library/Java/Extensions:/System/Library/Java/Extensions:/usr/lib/java:."/>
    <property name="java.vm.info" value="mixed mode, sharing"/>
    <property name="java.vendor" value="Azul Systems, Inc."/>
    <property name="java.vm.version" value="17+35-LTS"/>
    <property name="sun.io.unicode.encoding" value="UnicodeBig"/>
    <property name="socksNonProxyHosts" value="local|*.local|169.254/16|*.169.254/16"/>
    <property name="java.class.version" value="61.0"/>
  </properties>
  <testcase name="testApp" classname="marcoluglio.AppTest" time="0.022"/>
</testsuite>